Performing C SOURCE FILE Test CMAKE_HAVE_LIBC_PTHREAD failed with the following output:
Change Dir: /home/zqbyd/Desktop/cpp_learning/build/CMakeFiles/CMakeTmp

Run Build Command(s):/usr/bin/make cmTC_d7c08/fast && make[1]: 进入目录“/home/zqbyd/Desktop/cpp_learning/build/CMakeFiles/CMakeTmp”
/usr/bin/make -f CMakeFiles/cmTC_d7c08.dir/build.make CMakeFiles/cmTC_d7c08.dir/build
make[2]: 进入目录“/home/zqbyd/Desktop/cpp_learning/build/CMakeFiles/CMakeTmp”
Building C object CMakeFiles/cmTC_d7c08.dir/src.c.o
/usr/bin/aarch64-linux-gnu-gcc   -DCMAKE_HAVE_LIBC_PTHREAD   -std=gnu99 -o CMakeFiles/cmTC_d7c08.dir/src.c.o   -c /home/zqbyd/Desktop/cpp_learning/build/CMakeFiles/CMakeTmp/src.c
Linking C executable cmTC_d7c08
/usr/bin/cmake -E cmake_link_script CMakeFiles/cmTC_d7c08.dir/link.txt --verbose=1
/usr/bin/aarch64-linux-gnu-gcc  -DCMAKE_HAVE_LIBC_PTHREAD    CMakeFiles/cmTC_d7c08.dir/src.c.o  -o cmTC_d7c08 
/usr/bin/ld: CMakeFiles/cmTC_d7c08.dir/src.c.o: in function `main':
src.c:(.text+0x48): undefined reference to `pthread_create'
/usr/bin/ld: src.c:(.text+0x50): undefined reference to `pthread_detach'
/usr/bin/ld: src.c:(.text+0x5c): undefined reference to `pthread_join'
collect2: error: ld returned 1 exit status
make[2]: *** [CMakeFiles/cmTC_d7c08.dir/build.make:87：cmTC_d7c08] 错误 1
make[2]: 离开目录“/home/zqbyd/Desktop/cpp_learning/build/CMakeFiles/CMakeTmp”
make[1]: *** [Makefile:121：cmTC_d7c08/fast] 错误 2
make[1]: 离开目录“/home/zqbyd/Desktop/cpp_learning/build/CMakeFiles/CMakeTmp”


Source file was:
#include <pthread.h>

void* test_func(void* data)
{
  return data;
}

int main(void)
{
  pthread_t thread;
  pthread_create(&thread, NULL, test_func, NULL);
  pthread_detach(thread);
  pthread_join(thread, NULL);
  pthread_atfork(NULL, NULL, NULL);
  pthread_exit(NULL);

  return 0;
}

Determining if the function pthread_create exists in the pthreads failed with the following output:
Change Dir: /home/zqbyd/Desktop/cpp_learning/build/CMakeFiles/CMakeTmp

Run Build Command(s):/usr/bin/make cmTC_f3957/fast && make[1]: 进入目录“/home/zqbyd/Desktop/cpp_learning/build/CMakeFiles/CMakeTmp”
/usr/bin/make -f CMakeFiles/cmTC_f3957.dir/build.make CMakeFiles/cmTC_f3957.dir/build
make[2]: 进入目录“/home/zqbyd/Desktop/cpp_learning/build/CMakeFiles/CMakeTmp”
Building C object CMakeFiles/cmTC_f3957.dir/CheckFunctionExists.c.o
/usr/bin/aarch64-linux-gnu-gcc   -DCHECK_FUNCTION_EXISTS=pthread_create   -std=gnu99 -o CMakeFiles/cmTC_f3957.dir/CheckFunctionExists.c.o   -c /usr/share/cmake-3.16/Modules/CheckFunctionExists.c
Linking C executable cmTC_f3957
/usr/bin/cmake -E cmake_link_script CMakeFiles/cmTC_f3957.dir/link.txt --verbose=1
/usr/bin/aarch64-linux-gnu-gcc  -DCHECK_FUNCTION_EXISTS=pthread_create    CMakeFiles/cmTC_f3957.dir/CheckFunctionExists.c.o  -o cmTC_f3957  -lpthreads 
/usr/bin/ld: 找不到 -lpthreads
collect2: error: ld returned 1 exit status
make[2]: *** [CMakeFiles/cmTC_f3957.dir/build.make:87：cmTC_f3957] 错误 1
make[2]: 离开目录“/home/zqbyd/Desktop/cpp_learning/build/CMakeFiles/CMakeTmp”
make[1]: *** [Makefile:121：cmTC_f3957/fast] 错误 2
make[1]: 离开目录“/home/zqbyd/Desktop/cpp_learning/build/CMakeFiles/CMakeTmp”



